Token DEFVAR
     Token Float
Regla TIPO DECLARACION 
 Token :
 Token ID(a)
Regla LISTAIDS 
Token ;
Token ID(b)
Regla LISTAIDS 
Token ;
 Token ID(c)
Regla LISTAIDS 
Token ;
Token ID(d)
Regla LISTAIDS 
    Token String
Regla DECLARACION 
Regla TIPO DECLARACION 
 Token :
 Token ID(s)
Regla LISTAIDS 
Token ENDVAR
Regla DECLARACION 
Regla LISTA DECLARACION 
Regla BLOQUE DECLARACION 
Token ID(s)
 Token =
 Token CADENA("esto es un string")
Regla FACTOR 
Regla TERMINO 
Token ;
Regla EXPRESION 
Regla ASIGNACION
Regla SENTENCIA 
Token ID(s)
 Token =
 Token CADENA("sigue siendo un string")
Regla FACTOR 
Regla TERMINO 
Token ;
Regla EXPRESION 
Regla ASIGNACION
Regla SENTENCIA 
Regla BLOQUEMAIN 
Token IF
Token (
Token FLOAT(23.300000)
Regla FACTOR 
Regla TERMINO 
 Token <
Regla EXPRESION 
 Token ID(a)
Regla FACTOR 
Regla TERMINO 
 Token +
Regla EXPRESION 
Token ENTERO(4)
Regla FACTOR 
Regla TERMINO 
Token )
Regla EXPRESION 
Regla CONDICION 
Token {
 Token ID(a)
 Token =
 Token FLOAT(5.200000)
Regla FACTOR 
Regla TERMINO 
Token +
Regla EXPRESION 
Token ENTERO(2)
Regla FACTOR 
Regla TERMINO 
Token ;
Regla EXPRESION 
Regla ASIGNACION
Regla SENTENCIA 
Token }
Token IF
Token {
 Token ID(b)
 Token =
 Token FLOAT(5.200000)
Regla FACTOR 
Regla TERMINO 
Token +
Regla EXPRESION 
Token ENTERO(2)
Regla FACTOR 
Regla TERMINO 
Token ;
Regla EXPRESION 
Regla ASIGNACION
Regla SENTENCIA 
Token }
Regla SENTENCIA 
Regla BLOQUEMAIN 
Token ID(c)
 Token =
 Token FLOAT(5.200000)
Regla FACTOR 
Regla TERMINO 
Token +
Regla EXPRESION 
Token ENTERO(2)
Regla FACTOR 
Regla TERMINO 
Token ;
Regla EXPRESION 
Regla ASIGNACION
Regla SENTENCIA 
Regla BLOQUEMAIN 
Token EOF
------------------Recorro lista------------------
Nombre _"esto es un string"
Tipo -
Valor "esto es un string"
Longitud 19


Nombre _"sigue siendo un string"
Tipo -
Valor "sigue siendo un string"
Longitud 24


Nombre _2
Tipo -
Valor 2
Longitud -


Nombre _23_3
Tipo -
Valor 23_3
Longitud -


Nombre _4
Tipo -
Valor 4
Longitud -


Nombre _5_2
Tipo -
Valor 5_2
Longitud -


Regla PROGRAMA 
------------------Recorro lista------------------
Nombre a
Tipo FLOAT
Valor -
Longitud -


Nombre b
Tipo FLOAT
Valor -
Longitud -


Nombre c
Tipo FLOAT
Valor -
Longitud -


Nombre d
Tipo FLOAT
Valor -
Longitud -


Nombre s
Tipo STRING
Valor -
Longitud -


Regla Compilacion OK
